{"D:\\work\\workspace-ts-study\\heart-front-end\\src\\promission.ts": {"path":"D:\\work\\workspace-ts-study\\heart-front-end\\src\\promission.ts","statementMap":{"0":{"start":{"line":2,"column":0},"end":{"line":2,"column":null}},"1":{"start":{"line":3,"column":0},"end":{"line":3,"column":null}},"2":{"start":{"line":6,"column":0},"end":{"line":6,"column":null}},"3":{"start":{"line":15,"column":2},"end":{"line":35,"column":null}},"4":{"start":{"line":16,"column":4},"end":{"line":16,"column":null}},"5":{"start":{"line":19,"column":18},"end":{"line":19,"column":24}},"6":{"start":{"line":20,"column":4},"end":{"line":34,"column":null}},"7":{"start":{"line":22,"column":6},"end":{"line":22,"column":10}},"8":{"start":{"line":25,"column":41},"end":{"line":25,"column":45}},"9":{"start":{"line":26,"column":40},"end":{"line":26,"column":53}},"10":{"start":{"line":27,"column":6},"end":{"line":33,"column":null}},"11":{"start":{"line":29,"column":8},"end":{"line":29,"column":null}},"12":{"start":{"line":32,"column":8},"end":{"line":32,"column":12}},"13":{"start":{"line":39,"column":0},"end":{"line":39,"column":7}},"14":{"start":{"line":41,"column":4},"end":{"line":41,"column":21}}},"fnMap":{"0":{"name":"beforeEach","decl":{"start":{"line":9,"column":22},"end":{"line":9,"column":null}},"loc":{"start":{"line":12,"column":32},"end":{"line":36,"column":null}}},"1":{"name":"(anonymous_1)","decl":{"start":{"line":40,"column":2},"end":{"line":40,"column":9}},"loc":{"start":{"line":41,"column":4},"end":{"line":41,"column":21}}}},"branchMap":{"0":{"loc":{"start":{"line":15,"column":2},"end":{"line":35,"column":null}},"type":"if","locations":[{"start":{"line":15,"column":2},"end":{"line":35,"column":null}},{"start":{"line":15,"column":2},"end":{"line":35,"column":null}}]},"1":{"loc":{"start":{"line":20,"column":4},"end":{"line":34,"column":null}},"type":"if","locations":[{"start":{"line":20,"column":4},"end":{"line":34,"column":null}},{"start":{"line":20,"column":4},"end":{"line":34,"column":null}}]},"2":{"loc":{"start":{"line":27,"column":6},"end":{"line":33,"column":null}},"type":"if","locations":[{"start":{"line":27,"column":6},"end":{"line":33,"column":null}},{"start":{"line":27,"column":6},"end":{"line":33,"column":null}}]}},"s":{"0":1,"1":1,"2":1,"3":3,"4":1,"5":2,"6":2,"7":1,"8":1,"9":1,"10":1,"11":1,"12":0,"13":1,"14":0},"f":{"0":3,"1":0},"b":{"0":[1,2],"1":[1,1],"2":[1,0]}}
,"D:\\work\\workspace-ts-study\\heart-front-end\\src\\api\\heart\\menu\\impl\\MenuAPI4Jeesite.ts": {"path":"D:\\work\\workspace-ts-study\\heart-front-end\\src\\api\\heart\\menu\\impl\\MenuAPI4Jeesite.ts","statementMap":{"0":{"start":{"line":3,"column":0},"end":{"line":3,"column":null}},"1":{"start":{"line":4,"column":0},"end":{"line":4,"column":null}},"2":{"start":{"line":5,"column":0},"end":{"line":5,"column":null}},"3":{"start":{"line":19,"column":4},"end":{"line":27,"column":null}},"4":{"start":{"line":20,"column":40},"end":{"line":20,"column":null}},"5":{"start":{"line":21,"column":6},"end":{"line":21,"column":11}},"6":{"start":{"line":22,"column":6},"end":{"line":22,"column":12}},"7":{"start":{"line":23,"column":6},"end":{"line":23,"column":13}},"8":{"start":{"line":25,"column":6},"end":{"line":25,"column":13}},"9":{"start":{"line":26,"column":6},"end":{"line":26,"column":13}},"10":{"start":{"line":41,"column":4},"end":{"line":45,"column":null}},"11":{"start":{"line":42,"column":6},"end":{"line":42,"column":11}},"12":{"start":{"line":44,"column":6},"end":{"line":44,"column":11}},"13":{"start":{"line":55,"column":4},"end":{"line":55,"column":12}},"14":{"start":{"line":56,"column":6},"end":{"line":56,"column":null}},"15":{"start":{"line":56,"column":44},"end":{"line":56,"column":null}},"16":{"start":{"line":58,"column":22},"end":{"line":58,"column":26}},"17":{"start":{"line":60,"column":30},"end":{"line":60,"column":null}},"18":{"start":{"line":62,"column":33},"end":{"line":62,"column":null}},"19":{"start":{"line":69,"column":28},"end":{"line":69,"column":41}},"20":{"start":{"line":74,"column":6},"end":{"line":80,"column":null}},"21":{"start":{"line":75,"column":42},"end":{"line":75,"column":null}},"22":{"start":{"line":76,"column":8},"end":{"line":76,"column":13}},"23":{"start":{"line":77,"column":8},"end":{"line":79,"column":null}},"24":{"start":{"line":78,"column":10},"end":{"line":78,"column":18}},"25":{"start":{"line":83,"column":6},"end":{"line":83,"column":14}},"26":{"start":{"line":18,"column":2},"end":{"line":18,"column":15}},"27":{"start":{"line":17,"column":64},"end":{"line":17,"column":null}}},"fnMap":{"0":{"name":"(anonymous_0)","decl":{"start":{"line":18,"column":2},"end":{"line":18,"column":15}},"loc":{"start":{"line":18,"column":26},"end":{"line":28,"column":null}}},"1":{"name":"(anonymous_1)","decl":{"start":{"line":36,"column":10},"end":{"line":36,"column":23}},"loc":{"start":{"line":39,"column":21},"end":{"line":46,"column":null}}},"2":{"name":"(anonymous_2)","decl":{"start":{"line":54,"column":10},"end":{"line":54,"column":17}},"loc":{"start":{"line":54,"column":77},"end":{"line":85,"column":null}}},"3":{"name":"(anonymous_3)","decl":{"start":{"line":55,"column":22},"end":{"line":55,"column":35}},"loc":{"start":{"line":55,"column":35},"end":{"line":84,"column":null}}},"4":{"name":"(anonymous_4)","decl":{"start":{"line":69,"column":28},"end":{"line":69,"column":41}},"loc":{"start":{"line":69,"column":28},"end":{"line":69,"column":41}}},"5":{"name":"(anonymous_6)","decl":{"start":{"line":17,"column":49},"end":{"line":17,"column":64}},"loc":{"start":{"line":17,"column":64},"end":{"line":17,"column":null}}}},"branchMap":{"0":{"loc":{"start":{"line":41,"column":4},"end":{"line":45,"column":null}},"type":"if","locations":[{"start":{"line":41,"column":4},"end":{"line":45,"column":null}},{"start":{"line":41,"column":4},"end":{"line":45,"column":null}}]},"1":{"loc":{"start":{"line":56,"column":6},"end":{"line":56,"column":null}},"type":"if","locations":[{"start":{"line":56,"column":6},"end":{"line":56,"column":null}},{"start":{"line":56,"column":6},"end":{"line":56,"column":null}}]},"2":{"loc":{"start":{"line":56,"column":10},"end":{"line":56,"column":29}},"type":"binary-expr","locations":[{"start":{"line":56,"column":10},"end":{"line":56,"column":29}},{"start":{"line":56,"column":29},"end":{"line":56,"column":44}}]},"3":{"loc":{"start":{"line":60,"column":30},"end":{"line":60,"column":37}},"type":"binary-expr","locations":[{"start":{"line":60,"column":30},"end":{"line":60,"column":37}},{"start":{"line":60,"column":41},"end":{"line":60,"column":null}}]},"4":{"loc":{"start":{"line":67,"column":26},"end":{"line":67,"column":36}},"type":"cond-expr","locations":[{"start":{"line":67,"column":26},"end":{"line":67,"column":36}},{"start":{"line":67,"column":36},"end":{"line":67,"column":null}}]},"5":{"loc":{"start":{"line":69,"column":28},"end":{"line":69,"column":41}},"type":"cond-expr","locations":[{"start":{"line":69,"column":28},"end":{"line":69,"column":41}},{"start":{"line":69,"column":64},"end":{"line":69,"column":null}}]},"6":{"loc":{"start":{"line":74,"column":6},"end":{"line":80,"column":null}},"type":"if","locations":[{"start":{"line":74,"column":6},"end":{"line":80,"column":null}},{"start":{"line":74,"column":6},"end":{"line":80,"column":null}}]},"7":{"loc":{"start":{"line":77,"column":8},"end":{"line":79,"column":null}},"type":"if","locations":[{"start":{"line":77,"column":8},"end":{"line":79,"column":null}},{"start":{"line":77,"column":8},"end":{"line":79,"column":null}}]}},"s":{"0":1,"1":1,"2":1,"3":1,"4":1,"5":1,"6":1,"7":1,"8":0,"9":0,"10":1,"11":1,"12":0,"13":2,"14":3,"15":0,"16":3,"17":3,"18":3,"19":0,"20":3,"21":1,"22":1,"23":1,"24":1,"25":3,"26":1,"27":0},"f":{"0":1,"1":1,"2":2,"3":3,"4":0,"5":0},"b":{"0":[1,0],"1":[0,3],"2":[3,2],"3":[3,2],"4":[2,1],"5":[2,1],"6":[1,2],"7":[1,0]}}
,"D:\\work\\workspace-ts-study\\heart-front-end\\src\\api\\heart\\user\\impl\\UserAPI4Jeesite.ts": {"path":"D:\\work\\workspace-ts-study\\heart-front-end\\src\\api\\heart\\user\\impl\\UserAPI4Jeesite.ts","statementMap":{"0":{"start":{"line":3,"column":0},"end":{"line":3,"column":null}},"1":{"start":{"line":5,"column":0},"end":{"line":5,"column":null}},"2":{"start":{"line":6,"column":0},"end":{"line":6,"column":null}},"3":{"start":{"line":25,"column":4},"end":{"line":29,"column":null}},"4":{"start":{"line":26,"column":6},"end":{"line":26,"column":12}},"5":{"start":{"line":27,"column":6},"end":{"line":27,"column":12}},"6":{"start":{"line":28,"column":6},"end":{"line":28,"column":13}},"7":{"start":{"line":30,"column":4},"end":{"line":30,"column":11}},"8":{"start":{"line":40,"column":4},"end":{"line":43,"column":null}},"9":{"start":{"line":41,"column":6},"end":{"line":41,"column":12}},"10":{"start":{"line":42,"column":6},"end":{"line":42,"column":13}},"11":{"start":{"line":44,"column":4},"end":{"line":44,"column":11}},"12":{"start":{"line":54,"column":4},"end":{"line":56,"column":null}},"13":{"start":{"line":55,"column":6},"end":{"line":55,"column":13}},"14":{"start":{"line":57,"column":4},"end":{"line":57,"column":11}},"15":{"start":{"line":24,"column":2},"end":{"line":24,"column":7}},"16":{"start":{"line":22,"column":46},"end":{"line":22,"column":null}},"17":{"start":{"line":39,"column":2},"end":{"line":39,"column":8}},"18":{"start":{"line":38,"column":70},"end":{"line":38,"column":null}},"19":{"start":{"line":53,"column":2},"end":{"line":53,"column":13}},"20":{"start":{"line":52,"column":69},"end":{"line":52,"column":null}}},"fnMap":{"0":{"name":"(anonymous_0)","decl":{"start":{"line":24,"column":2},"end":{"line":24,"column":7}},"loc":{"start":{"line":24,"column":44},"end":{"line":31,"column":null}}},"1":{"name":"(anonymous_1)","decl":{"start":{"line":39,"column":2},"end":{"line":39,"column":8}},"loc":{"start":{"line":39,"column":19},"end":{"line":45,"column":null}}},"2":{"name":"(anonymous_2)","decl":{"start":{"line":53,"column":2},"end":{"line":53,"column":13}},"loc":{"start":{"line":53,"column":24},"end":{"line":58,"column":null}}},"3":{"name":"(anonymous_3)","decl":{"start":{"line":22,"column":4},"end":{"line":22,"column":5}},"loc":{"start":{"line":22,"column":46},"end":{"line":22,"column":null}}},"4":{"name":"(anonymous_4)","decl":{"start":{"line":38,"column":55},"end":{"line":38,"column":70}},"loc":{"start":{"line":38,"column":70},"end":{"line":38,"column":null}}},"5":{"name":"(anonymous_5)","decl":{"start":{"line":52,"column":54},"end":{"line":52,"column":69}},"loc":{"start":{"line":52,"column":69},"end":{"line":52,"column":null}}}},"branchMap":{"0":{"loc":{"start":{"line":25,"column":4},"end":{"line":29,"column":null}},"type":"if","locations":[{"start":{"line":25,"column":4},"end":{"line":29,"column":null}},{"start":{"line":25,"column":4},"end":{"line":29,"column":null}}]},"1":{"loc":{"start":{"line":40,"column":4},"end":{"line":43,"column":null}},"type":"if","locations":[{"start":{"line":40,"column":4},"end":{"line":43,"column":null}},{"start":{"line":40,"column":4},"end":{"line":43,"column":null}}]},"2":{"loc":{"start":{"line":54,"column":4},"end":{"line":56,"column":null}},"type":"if","locations":[{"start":{"line":54,"column":4},"end":{"line":56,"column":null}},{"start":{"line":54,"column":4},"end":{"line":56,"column":null}}]}},"s":{"0":2,"1":2,"2":2,"3":1,"4":1,"5":1,"6":1,"7":0,"8":1,"9":1,"10":1,"11":0,"12":2,"13":2,"14":0,"15":2,"16":0,"17":2,"18":0,"19":2,"20":0},"f":{"0":1,"1":1,"2":2,"3":0,"4":0,"5":0},"b":{"0":[1,0],"1":[1,0],"2":[2,0]}}
,"D:\\work\\workspace-ts-study\\heart-front-end\\src\\constants\\heart\\enum\\LocalStorageKeys.ts": {"path":"D:\\work\\workspace-ts-study\\heart-front-end\\src\\constants\\heart\\enum\\LocalStorageKeys.ts","statementMap":{"0":{"start":{"line":5,"column":0},"end":{"line":5,"column":12}},"1":{"start":{"line":6,"column":2},"end":{"line":6,"column":null}},"2":{"start":{"line":7,"column":2},"end":{"line":7,"column":null}},"3":{"start":{"line":8,"column":2},"end":{"line":8,"column":null}},"4":{"start":{"line":9,"column":2},"end":{"line":9,"column":null}}},"fnMap":{"0":{"name":"(anonymous_0)","decl":{"start":{"line":5,"column":0},"end":{"line":5,"column":12}},"loc":{"start":{"line":5,"column":28},"end":{"line":10,"column":null}}}},"branchMap":{"0":{"loc":{"start":{"line":5,"column":12},"end":{"line":5,"column":28}},"type":"binary-expr","locations":[{"start":{"line":5,"column":12},"end":{"line":5,"column":28}},{"start":{"line":5,"column":28},"end":{"line":5,"column":null}}]}},"s":{"0":8,"1":8,"2":8,"3":8,"4":8},"f":{"0":8},"b":{"0":[8,8]}}
,"D:\\work\\workspace-ts-study\\heart-front-end\\src\\constants\\heart\\enum\\RequestMethod.ts": {"path":"D:\\work\\workspace-ts-study\\heart-front-end\\src\\constants\\heart\\enum\\RequestMethod.ts","statementMap":{"0":{"start":{"line":5,"column":0},"end":{"line":5,"column":12}},"1":{"start":{"line":6,"column":2},"end":{"line":6,"column":null}},"2":{"start":{"line":7,"column":2},"end":{"line":7,"column":null}},"3":{"start":{"line":8,"column":2},"end":{"line":8,"column":null}},"4":{"start":{"line":9,"column":2},"end":{"line":9,"column":null}}},"fnMap":{"0":{"name":"(anonymous_0)","decl":{"start":{"line":5,"column":0},"end":{"line":5,"column":12}},"loc":{"start":{"line":5,"column":25},"end":{"line":10,"column":null}}}},"branchMap":{"0":{"loc":{"start":{"line":5,"column":12},"end":{"line":5,"column":25}},"type":"binary-expr","locations":[{"start":{"line":5,"column":12},"end":{"line":5,"column":25}},{"start":{"line":5,"column":25},"end":{"line":5,"column":null}}]}},"s":{"0":4,"1":4,"2":4,"3":4,"4":4},"f":{"0":4},"b":{"0":[4,4]}}
,"D:\\work\\workspace-ts-study\\heart-front-end\\src\\constants\\heart\\values\\Global.ts": {"path":"D:\\work\\workspace-ts-study\\heart-front-end\\src\\constants\\heart\\values\\Global.ts","statementMap":{"0":{"start":{"line":9,"column":47},"end":{"line":9,"column":null}},"1":{"start":{"line":19,"column":31},"end":{"line":19,"column":null}},"2":{"start":{"line":21,"column":45},"end":{"line":21,"column":null}}},"fnMap":{},"branchMap":{},"s":{"0":6,"1":6,"2":6},"f":{},"b":{}}
,"D:\\work\\workspace-ts-study\\heart-front-end\\src\\decorator\\heart\\request\\Request.ts": {"path":"D:\\work\\workspace-ts-study\\heart-front-end\\src\\decorator\\heart\\request\\Request.ts","statementMap":{"0":{"start":{"line":1,"column":0},"end":{"line":1,"column":null}},"1":{"start":{"line":2,"column":0},"end":{"line":2,"column":null}},"2":{"start":{"line":57,"column":2},"end":{"line":57,"column":9}},"3":{"start":{"line":58,"column":35},"end":{"line":58,"column":50}},"4":{"start":{"line":59,"column":37},"end":{"line":59,"column":null}},"5":{"start":{"line":62,"column":4},"end":{"line":62,"column":14}},"6":{"start":{"line":63,"column":6},"end":{"line":83,"column":null}},"7":{"start":{"line":64,"column":45},"end":{"line":64,"column":59}},"8":{"start":{"line":69,"column":8},"end":{"line":72,"column":null}},"9":{"start":{"line":71,"column":10},"end":{"line":71,"column":17}},"10":{"start":{"line":73,"column":8},"end":{"line":73,"column":15}},"11":{"start":{"line":75,"column":8},"end":{"line":81,"column":null}},"12":{"start":{"line":76,"column":10},"end":{"line":79,"column":null}},"13":{"start":{"line":78,"column":12},"end":{"line":78,"column":19}},"14":{"start":{"line":80,"column":10},"end":{"line":80,"column":17}},"15":{"start":{"line":82,"column":8},"end":{"line":82,"column":14}}},"fnMap":{"0":{"name":"Request","decl":{"start":{"line":52,"column":24},"end":{"line":52,"column":null}},"loc":{"start":{"line":55,"column":20},"end":{"line":86,"column":null}}},"1":{"name":"(anonymous_1)","decl":{"start":{"line":57,"column":9},"end":{"line":57,"column":10}},"loc":{"start":{"line":57,"column":77},"end":{"line":85,"column":null}}},"2":{"name":"(anonymous_2)","decl":{"start":{"line":62,"column":23},"end":{"line":62,"column":38}},"loc":{"start":{"line":62,"column":53},"end":{"line":84,"column":null}}}},"branchMap":{"0":{"loc":{"start":{"line":66,"column":27},"end":{"line":66,"column":36}},"type":"cond-expr","locations":[{"start":{"line":66,"column":27},"end":{"line":66,"column":36}},{"start":{"line":66,"column":36},"end":{"line":66,"column":null}}]},"1":{"loc":{"start":{"line":67,"column":25},"end":{"line":67,"column":34}},"type":"cond-expr","locations":[{"start":{"line":67,"column":25},"end":{"line":67,"column":34}},{"start":{"line":67,"column":34},"end":{"line":67,"column":null}}]},"2":{"loc":{"start":{"line":69,"column":8},"end":{"line":72,"column":null}},"type":"if","locations":[{"start":{"line":69,"column":8},"end":{"line":72,"column":null}},{"start":{"line":69,"column":8},"end":{"line":72,"column":null}}]},"3":{"loc":{"start":{"line":75,"column":8},"end":{"line":81,"column":null}},"type":"if","locations":[{"start":{"line":75,"column":8},"end":{"line":81,"column":null}},{"start":{"line":75,"column":8},"end":{"line":81,"column":null}}]},"4":{"loc":{"start":{"line":76,"column":10},"end":{"line":79,"column":null}},"type":"if","locations":[{"start":{"line":76,"column":10},"end":{"line":79,"column":null}},{"start":{"line":76,"column":10},"end":{"line":79,"column":null}}]}},"s":{"0":4,"1":4,"2":9,"3":9,"4":9,"5":9,"6":7,"7":7,"8":7,"9":2,"10":5,"11":0,"12":0,"13":0,"14":0,"15":0},"f":{"0":9,"1":9,"2":7},"b":{"0":[7,0],"1":[2,5],"2":[2,5],"3":[0,0],"4":[0,0]}}
,"D:\\work\\workspace-ts-study\\heart-front-end\\src\\model\\heart\\global\\GlobalConfig.ts": {"path":"D:\\work\\workspace-ts-study\\heart-front-end\\src\\model\\heart\\global\\GlobalConfig.ts","statementMap":{"0":{"start":{"line":9,"column":4},"end":{"line":9,"column":9}},"1":{"start":{"line":10,"column":4},"end":{"line":10,"column":9}}},"fnMap":{"0":{"name":"(anonymous_0)","decl":{"start":{"line":8,"column":2},"end":{"line":8,"column":14}},"loc":{"start":{"line":8,"column":49},"end":{"line":11,"column":null}}}},"branchMap":{"0":{"loc":{"start":{"line":8,"column":29},"end":{"line":8,"column":35}},"type":"default-arg","locations":[{"start":{"line":8,"column":29},"end":{"line":8,"column":35}}]},"1":{"loc":{"start":{"line":8,"column":47},"end":{"line":8,"column":49}},"type":"default-arg","locations":[{"start":{"line":8,"column":47},"end":{"line":8,"column":49}}]}},"s":{"0":11,"1":11},"f":{"0":11},"b":{"0":[9],"1":[9]}}
,"D:\\work\\workspace-ts-study\\heart-front-end\\src\\router\\index.ts": {"path":"D:\\work\\workspace-ts-study\\heart-front-end\\src\\router\\index.ts","statementMap":{"0":{"start":{"line":1,"column":0},"end":{"line":1,"column":null}},"1":{"start":{"line":2,"column":0},"end":{"line":2,"column":null}},"2":{"start":{"line":4,"column":0},"end":{"line":4,"column":4}},"3":{"start":{"line":6,"column":35},"end":{"line":6,"column":null}},"4":{"start":{"line":18,"column":15},"end":{"line":18,"column":19}},"5":{"start":{"line":22,"column":15},"end":{"line":22,"column":null}}},"fnMap":{},"branchMap":{},"s":{"0":5,"1":5,"2":5,"3":5,"4":5,"5":5},"f":{},"b":{}}
,"D:\\work\\workspace-ts-study\\heart-front-end\\src\\store\\index.ts": {"path":"D:\\work\\workspace-ts-study\\heart-front-end\\src\\store\\index.ts","statementMap":{"0":{"start":{"line":1,"column":0},"end":{"line":1,"column":null}},"1":{"start":{"line":2,"column":0},"end":{"line":2,"column":null}},"2":{"start":{"line":4,"column":0},"end":{"line":4,"column":null}},"3":{"start":{"line":5,"column":0},"end":{"line":5,"column":null}},"4":{"start":{"line":6,"column":0},"end":{"line":6,"column":null}},"5":{"start":{"line":8,"column":0},"end":{"line":8,"column":4}},"6":{"start":{"line":10,"column":39},"end":{"line":10,"column":null}},"7":{"start":{"line":19,"column":15},"end":{"line":19,"column":19}}},"fnMap":{},"branchMap":{},"s":{"0":5,"1":5,"2":5,"3":5,"4":5,"5":5,"6":5,"7":5},"f":{},"b":{}}
,"D:\\work\\workspace-ts-study\\heart-front-end\\src\\store\\modules\\heart\\globals\\getters.ts": {"path":"D:\\work\\workspace-ts-study\\heart-front-end\\src\\store\\modules\\heart\\globals\\getters.ts","statementMap":{"0":{"start":{"line":6,"column":59},"end":{"line":6,"column":null}},"1":{"start":{"line":12,"column":4},"end":{"line":12,"column":11}},"2":{"start":{"line":20,"column":4},"end":{"line":20,"column":11}}},"fnMap":{"0":{"name":"(anonymous_0)","decl":{"start":{"line":11,"column":2},"end":{"line":11,"column":15}},"loc":{"start":{"line":11,"column":34},"end":{"line":13,"column":null}}},"1":{"name":"(anonymous_1)","decl":{"start":{"line":19,"column":2},"end":{"line":19,"column":16}},"loc":{"start":{"line":19,"column":35},"end":{"line":21,"column":null}}}},"branchMap":{},"s":{"0":6,"1":1,"2":1},"f":{"0":1,"1":1},"b":{}}
,"D:\\work\\workspace-ts-study\\heart-front-end\\src\\store\\modules\\heart\\globals\\index.ts": {"path":"D:\\work\\workspace-ts-study\\heart-front-end\\src\\store\\modules\\heart\\globals\\index.ts","statementMap":{"0":{"start":{"line":4,"column":0},"end":{"line":4,"column":null}},"1":{"start":{"line":5,"column":0},"end":{"line":5,"column":null}},"2":{"start":{"line":7,"column":19},"end":{"line":7,"column":null}},"3":{"start":{"line":9,"column":34},"end":{"line":9,"column":null}},"4":{"start":{"line":14,"column":55},"end":{"line":14,"column":null}}},"fnMap":{},"branchMap":{},"s":{"0":5,"1":5,"2":5,"3":5,"4":5},"f":{},"b":{}}
,"D:\\work\\workspace-ts-study\\heart-front-end\\src\\store\\modules\\heart\\globals\\mutations.ts": {"path":"D:\\work\\workspace-ts-study\\heart-front-end\\src\\store\\modules\\heart\\globals\\mutations.ts","statementMap":{"0":{"start":{"line":4,"column":0},"end":{"line":4,"column":null}},"1":{"start":{"line":6,"column":52},"end":{"line":6,"column":null}},"2":{"start":{"line":13,"column":4},"end":{"line":13,"column":9}},"3":{"start":{"line":22,"column":4},"end":{"line":22,"column":9}},"4":{"start":{"line":23,"column":6},"end":{"line":25,"column":null}},"5":{"start":{"line":24,"column":8},"end":{"line":24,"column":12}},"6":{"start":{"line":35,"column":4},"end":{"line":35,"column":9}},"7":{"start":{"line":36,"column":6},"end":{"line":39,"column":null}},"8":{"start":{"line":37,"column":8},"end":{"line":37,"column":13}},"9":{"start":{"line":38,"column":8},"end":{"line":38,"column":15}},"10":{"start":{"line":40,"column":6},"end":{"line":40,"column":13}},"11":{"start":{"line":50,"column":4},"end":{"line":50,"column":9}}},"fnMap":{"0":{"name":"(anonymous_0)","decl":{"start":{"line":12,"column":2},"end":{"line":12,"column":15}},"loc":{"start":{"line":12,"column":58},"end":{"line":14,"column":null}}},"1":{"name":"(anonymous_1)","decl":{"start":{"line":21,"column":2},"end":{"line":21,"column":16}},"loc":{"start":{"line":21,"column":47},"end":{"line":27,"column":null}}},"2":{"name":"(anonymous_2)","decl":{"start":{"line":22,"column":27},"end":{"line":22,"column":53}},"loc":{"start":{"line":22,"column":53},"end":{"line":26,"column":null}}},"3":{"name":"(anonymous_3)","decl":{"start":{"line":34,"column":2},"end":{"line":34,"column":18}},"loc":{"start":{"line":34,"column":61},"end":{"line":42,"column":null}}},"4":{"name":"(anonymous_4)","decl":{"start":{"line":35,"column":26},"end":{"line":35,"column":27}},"loc":{"start":{"line":35,"column":64},"end":{"line":41,"column":null}}},"5":{"name":"(anonymous_5)","decl":{"start":{"line":49,"column":2},"end":{"line":49,"column":17}},"loc":{"start":{"line":49,"column":59},"end":{"line":51,"column":null}}}},"branchMap":{"0":{"loc":{"start":{"line":23,"column":6},"end":{"line":25,"column":null}},"type":"if","locations":[{"start":{"line":23,"column":6},"end":{"line":25,"column":null}},{"start":{"line":23,"column":6},"end":{"line":25,"column":null}}]},"1":{"loc":{"start":{"line":36,"column":6},"end":{"line":39,"column":null}},"type":"if","locations":[{"start":{"line":36,"column":6},"end":{"line":39,"column":null}},{"start":{"line":36,"column":6},"end":{"line":39,"column":null}}]},"2":{"loc":{"start":{"line":37,"column":8},"end":{"line":37,"column":13}},"type":"cond-expr","locations":[{"start":{"line":37,"column":8},"end":{"line":37,"column":13}},{"start":{"line":37,"column":8},"end":{"line":37,"column":13}}]}},"s":{"0":6,"1":6,"2":1,"3":0,"4":0,"5":0,"6":1,"7":1,"8":1,"9":1,"10":0,"11":1},"f":{"0":1,"1":0,"2":0,"3":1,"4":1,"5":1},"b":{"0":[0,0],"1":[1,0],"2":[1,2]}}
,"D:\\work\\workspace-ts-study\\heart-front-end\\src\\store\\modules\\heart\\menu\\getters.ts": {"path":"D:\\work\\workspace-ts-study\\heart-front-end\\src\\store\\modules\\heart\\menu\\getters.ts","statementMap":{"0":{"start":{"line":6,"column":57},"end":{"line":6,"column":null}},"1":{"start":{"line":13,"column":4},"end":{"line":15,"column":null}},"2":{"start":{"line":14,"column":6},"end":{"line":14,"column":13}},"3":{"start":{"line":16,"column":4},"end":{"line":16,"column":11}}},"fnMap":{"0":{"name":"(anonymous_0)","decl":{"start":{"line":12,"column":2},"end":{"line":12,"column":13}},"loc":{"start":{"line":12,"column":30},"end":{"line":17,"column":null}}}},"branchMap":{"0":{"loc":{"start":{"line":13,"column":4},"end":{"line":15,"column":null}},"type":"if","locations":[{"start":{"line":13,"column":4},"end":{"line":15,"column":null}},{"start":{"line":13,"column":4},"end":{"line":15,"column":null}}]}},"s":{"0":6,"1":2,"2":2,"3":0},"f":{"0":2},"b":{"0":[2,0]}}
,"D:\\work\\workspace-ts-study\\heart-front-end\\src\\store\\modules\\heart\\menu\\index.ts": {"path":"D:\\work\\workspace-ts-study\\heart-front-end\\src\\store\\modules\\heart\\menu\\index.ts","statementMap":{"0":{"start":{"line":4,"column":0},"end":{"line":4,"column":null}},"1":{"start":{"line":5,"column":0},"end":{"line":5,"column":null}},"2":{"start":{"line":7,"column":19},"end":{"line":7,"column":null}},"3":{"start":{"line":9,"column":32},"end":{"line":9,"column":null}},"4":{"start":{"line":13,"column":50},"end":{"line":13,"column":null}}},"fnMap":{},"branchMap":{},"s":{"0":5,"1":5,"2":5,"3":5,"4":5},"f":{},"b":{}}
,"D:\\work\\workspace-ts-study\\heart-front-end\\src\\store\\modules\\heart\\menu\\mutations.ts": {"path":"D:\\work\\workspace-ts-study\\heart-front-end\\src\\store\\modules\\heart\\menu\\mutations.ts","statementMap":{"0":{"start":{"line":5,"column":50},"end":{"line":5,"column":null}},"1":{"start":{"line":12,"column":4},"end":{"line":12,"column":9}}},"fnMap":{"0":{"name":"(anonymous_0)","decl":{"start":{"line":11,"column":2},"end":{"line":11,"column":13}},"loc":{"start":{"line":11,"column":57},"end":{"line":13,"column":null}}}},"branchMap":{},"s":{"0":6,"1":2},"f":{"0":2},"b":{}}
,"D:\\work\\workspace-ts-study\\heart-front-end\\src\\store\\modules\\heart\\user\\getters.ts": {"path":"D:\\work\\workspace-ts-study\\heart-front-end\\src\\store\\modules\\heart\\user\\getters.ts","statementMap":{"0":{"start":{"line":7,"column":0},"end":{"line":7,"column":null}},"1":{"start":{"line":9,"column":57},"end":{"line":9,"column":null}},"2":{"start":{"line":16,"column":4},"end":{"line":16,"column":11}},"3":{"start":{"line":25,"column":4},"end":{"line":25,"column":11}},"4":{"start":{"line":33,"column":30},"end":{"line":33,"column":null}},"5":{"start":{"line":36,"column":4},"end":{"line":36,"column":9}},"6":{"start":{"line":37,"column":6},"end":{"line":40,"column":null}},"7":{"start":{"line":38,"column":8},"end":{"line":38,"column":25}},"8":{"start":{"line":39,"column":8},"end":{"line":39,"column":15}},"9":{"start":{"line":41,"column":6},"end":{"line":41,"column":13}},"10":{"start":{"line":44,"column":4},"end":{"line":46,"column":null}},"11":{"start":{"line":45,"column":6},"end":{"line":45,"column":13}},"12":{"start":{"line":47,"column":4},"end":{"line":47,"column":11}},"13":{"start":{"line":56,"column":18},"end":{"line":56,"column":null}},"14":{"start":{"line":60,"column":20},"end":{"line":60,"column":25}},"15":{"start":{"line":61,"column":6},"end":{"line":61,"column":13}},"16":{"start":{"line":63,"column":4},"end":{"line":66,"column":null}},"17":{"start":{"line":65,"column":6},"end":{"line":65,"column":13}},"18":{"start":{"line":68,"column":4},"end":{"line":68,"column":11}}},"fnMap":{"0":{"name":"(anonymous_0)","decl":{"start":{"line":15,"column":2},"end":{"line":15,"column":10}},"loc":{"start":{"line":15,"column":27},"end":{"line":17,"column":null}}},"1":{"name":"(anonymous_1)","decl":{"start":{"line":24,"column":2},"end":{"line":24,"column":9}},"loc":{"start":{"line":24,"column":26},"end":{"line":26,"column":null}}},"2":{"name":"(anonymous_2)","decl":{"start":{"line":32,"column":2},"end":{"line":32,"column":22}},"loc":{"start":{"line":32,"column":39},"end":{"line":48,"column":null}}},"3":{"name":"(anonymous_3)","decl":{"start":{"line":36,"column":31},"end":{"line":36,"column":60}},"loc":{"start":{"line":36,"column":60},"end":{"line":42,"column":null}}},"4":{"name":"(anonymous_4)","decl":{"start":{"line":55,"column":2},"end":{"line":55,"column":17}},"loc":{"start":{"line":55,"column":34},"end":{"line":69,"column":null}}},"5":{"name":"(anonymous_5)","decl":{"start":{"line":60,"column":47},"end":{"line":60,"column":73}},"loc":{"start":{"line":60,"column":73},"end":{"line":62,"column":null}}}},"branchMap":{"0":{"loc":{"start":{"line":37,"column":6},"end":{"line":40,"column":null}},"type":"if","locations":[{"start":{"line":37,"column":6},"end":{"line":40,"column":null}},{"start":{"line":37,"column":6},"end":{"line":40,"column":null}}]},"1":{"loc":{"start":{"line":44,"column":4},"end":{"line":46,"column":null}},"type":"if","locations":[{"start":{"line":44,"column":4},"end":{"line":46,"column":null}},{"start":{"line":44,"column":4},"end":{"line":46,"column":null}}]},"2":{"loc":{"start":{"line":56,"column":18},"end":{"line":56,"column":29}},"type":"cond-expr","locations":[{"start":{"line":56,"column":18},"end":{"line":56,"column":29}},{"start":{"line":56,"column":29},"end":{"line":56,"column":null}}]},"3":{"loc":{"start":{"line":56,"column":18},"end":{"line":56,"column":29}},"type":"binary-expr","locations":[{"start":{"line":56,"column":18},"end":{"line":56,"column":29}},{"start":{"line":56,"column":18},"end":{"line":56,"column":29}}]},"4":{"loc":{"start":{"line":63,"column":4},"end":{"line":66,"column":null}},"type":"if","locations":[{"start":{"line":63,"column":4},"end":{"line":66,"column":null}},{"start":{"line":63,"column":4},"end":{"line":66,"column":null}}]},"5":{"loc":{"start":{"line":63,"column":8},"end":{"line":63,"column":29}},"type":"binary-expr","locations":[{"start":{"line":63,"column":8},"end":{"line":63,"column":29}},{"start":{"line":63,"column":33},"end":{"line":63,"column":69}}]}},"s":{"0":6,"1":6,"2":5,"3":3,"4":0,"5":0,"6":0,"7":0,"8":0,"9":0,"10":0,"11":0,"12":0,"13":0,"14":0,"15":0,"16":0,"17":0,"18":0},"f":{"0":5,"1":3,"2":0,"3":0,"4":0,"5":0},"b":{"0":[0,0],"1":[0,0],"2":[0,0],"3":[0,0],"4":[0,0],"5":[0,0]}}
,"D:\\work\\workspace-ts-study\\heart-front-end\\src\\store\\modules\\heart\\user\\index.ts": {"path":"D:\\work\\workspace-ts-study\\heart-front-end\\src\\store\\modules\\heart\\user\\index.ts","statementMap":{"0":{"start":{"line":4,"column":0},"end":{"line":4,"column":null}},"1":{"start":{"line":5,"column":0},"end":{"line":5,"column":null}},"2":{"start":{"line":6,"column":0},"end":{"line":6,"column":null}},"3":{"start":{"line":11,"column":19},"end":{"line":11,"column":null}},"4":{"start":{"line":13,"column":34},"end":{"line":13,"column":39}},"5":{"start":{"line":14,"column":42},"end":{"line":14,"column":47}},"6":{"start":{"line":16,"column":32},"end":{"line":16,"column":null}},"7":{"start":{"line":22,"column":50},"end":{"line":22,"column":null}}},"fnMap":{},"branchMap":{},"s":{"0":5,"1":5,"2":5,"3":5,"4":5,"5":5,"6":5,"7":5},"f":{},"b":{}}
,"D:\\work\\workspace-ts-study\\heart-front-end\\src\\store\\modules\\heart\\user\\mutations.ts": {"path":"D:\\work\\workspace-ts-study\\heart-front-end\\src\\store\\modules\\heart\\user\\mutations.ts","statementMap":{"0":{"start":{"line":4,"column":0},"end":{"line":4,"column":null}},"1":{"start":{"line":7,"column":0},"end":{"line":7,"column":null}},"2":{"start":{"line":9,"column":50},"end":{"line":9,"column":null}},"3":{"start":{"line":16,"column":4},"end":{"line":16,"column":9}},"4":{"start":{"line":17,"column":4},"end":{"line":17,"column":9}},"5":{"start":{"line":25,"column":4},"end":{"line":25,"column":9}},"6":{"start":{"line":26,"column":4},"end":{"line":26,"column":9}},"7":{"start":{"line":33,"column":4},"end":{"line":33,"column":9}},"8":{"start":{"line":34,"column":4},"end":{"line":34,"column":9}},"9":{"start":{"line":35,"column":4},"end":{"line":35,"column":9}},"10":{"start":{"line":44,"column":4},"end":{"line":44,"column":9}},"11":{"start":{"line":53,"column":18},"end":{"line":53,"column":null}},"12":{"start":{"line":55,"column":23},"end":{"line":55,"column":null}},"13":{"start":{"line":56,"column":26},"end":{"line":56,"column":31}},"14":{"start":{"line":58,"column":8},"end":{"line":74,"column":null}},"15":{"start":{"line":59,"column":10},"end":{"line":59,"column":22}},"16":{"start":{"line":61,"column":14},"end":{"line":63,"column":null}},"17":{"start":{"line":62,"column":16},"end":{"line":62,"column":23}},"18":{"start":{"line":64,"column":14},"end":{"line":64,"column":21}},"19":{"start":{"line":69,"column":10},"end":{"line":72,"column":null}},"20":{"start":{"line":71,"column":12},"end":{"line":71,"column":29}},"21":{"start":{"line":73,"column":10},"end":{"line":73,"column":17}},"22":{"start":{"line":75,"column":8},"end":{"line":75,"column":15}},"23":{"start":{"line":79,"column":4},"end":{"line":85,"column":null}},"24":{"start":{"line":81,"column":6},"end":{"line":81,"column":11}},"25":{"start":{"line":88,"column":4},"end":{"line":91,"column":null}},"26":{"start":{"line":90,"column":6},"end":{"line":90,"column":11}},"27":{"start":{"line":100,"column":18},"end":{"line":100,"column":null}},"28":{"start":{"line":103,"column":15},"end":{"line":103,"column":null}},"29":{"start":{"line":104,"column":4},"end":{"line":104,"column":9}},"30":{"start":{"line":105,"column":6},"end":{"line":117,"column":null}},"31":{"start":{"line":107,"column":8},"end":{"line":107,"column":12}},"32":{"start":{"line":109,"column":12},"end":{"line":112,"column":null}},"33":{"start":{"line":110,"column":14},"end":{"line":110,"column":31}},"34":{"start":{"line":111,"column":14},"end":{"line":111,"column":21}},"35":{"start":{"line":113,"column":12},"end":{"line":113,"column":19}},"36":{"start":{"line":116,"column":8},"end":{"line":116,"column":15}},"37":{"start":{"line":118,"column":6},"end":{"line":118,"column":13}},"38":{"start":{"line":121,"column":4},"end":{"line":124,"column":null}},"39":{"start":{"line":123,"column":6},"end":{"line":123,"column":11}},"40":{"start":{"line":133,"column":18},"end":{"line":133,"column":null}},"41":{"start":{"line":135,"column":26},"end":{"line":135,"column":31}},"42":{"start":{"line":137,"column":8},"end":{"line":140,"column":null}},"43":{"start":{"line":138,"column":10},"end":{"line":138,"column":14}},"44":{"start":{"line":139,"column":10},"end":{"line":139,"column":17}},"45":{"start":{"line":141,"column":8},"end":{"line":141,"column":15}},"46":{"start":{"line":146,"column":4},"end":{"line":148,"column":null}},"47":{"start":{"line":147,"column":6},"end":{"line":147,"column":11}}},"fnMap":{"0":{"name":"(anonymous_0)","decl":{"start":{"line":15,"column":2},"end":{"line":15,"column":10}},"loc":{"start":{"line":15,"column":42},"end":{"line":18,"column":null}}},"1":{"name":"(anonymous_1)","decl":{"start":{"line":24,"column":2},"end":{"line":24,"column":9}},"loc":{"start":{"line":24,"column":46},"end":{"line":27,"column":null}}},"2":{"name":"(anonymous_2)","decl":{"start":{"line":32,"column":2},"end":{"line":32,"column":16}},"loc":{"start":{"line":32,"column":33},"end":{"line":36,"column":null}}},"3":{"name":"(anonymous_3)","decl":{"start":{"line":42,"column":2},"end":{"line":42,"column":19}},"loc":{"start":{"line":42,"column":36},"end":{"line":45,"column":null}}},"4":{"name":"(anonymous_4)","decl":{"start":{"line":52,"column":2},"end":{"line":52,"column":18}},"loc":{"start":{"line":52,"column":57},"end":{"line":92,"column":null}}},"5":{"name":"(anonymous_5)","decl":{"start":{"line":57,"column":7},"end":{"line":57,"column":40}},"loc":{"start":{"line":57,"column":40},"end":{"line":76,"column":null}}},"6":{"name":"(anonymous_6)","decl":{"start":{"line":60,"column":13},"end":{"line":60,"column":33}},"loc":{"start":{"line":60,"column":33},"end":{"line":65,"column":null}}},"7":{"name":"(anonymous_7)","decl":{"start":{"line":99,"column":2},"end":{"line":99,"column":21}},"loc":{"start":{"line":99,"column":60},"end":{"line":125,"column":null}}},"8":{"name":"(anonymous_8)","decl":{"start":{"line":104,"column":31},"end":{"line":104,"column":64}},"loc":{"start":{"line":104,"column":64},"end":{"line":119,"column":null}}},"9":{"name":"(anonymous_9)","decl":{"start":{"line":108,"column":10},"end":{"line":108,"column":11}},"loc":{"start":{"line":108,"column":46},"end":{"line":114,"column":null}}},"10":{"name":"(anonymous_10)","decl":{"start":{"line":132,"column":2},"end":{"line":132,"column":17}},"loc":{"start":{"line":132,"column":47},"end":{"line":149,"column":null}}},"11":{"name":"(anonymous_11)","decl":{"start":{"line":136,"column":7},"end":{"line":136,"column":33}},"loc":{"start":{"line":136,"column":33},"end":{"line":142,"column":null}}}},"branchMap":{"0":{"loc":{"start":{"line":53,"column":18},"end":{"line":53,"column":29}},"type":"cond-expr","locations":[{"start":{"line":53,"column":18},"end":{"line":53,"column":29}},{"start":{"line":53,"column":29},"end":{"line":53,"column":null}}]},"1":{"loc":{"start":{"line":53,"column":18},"end":{"line":53,"column":29}},"type":"binary-expr","locations":[{"start":{"line":53,"column":18},"end":{"line":53,"column":29}},{"start":{"line":53,"column":18},"end":{"line":53,"column":29}}]},"2":{"loc":{"start":{"line":58,"column":8},"end":{"line":74,"column":null}},"type":"if","locations":[{"start":{"line":58,"column":8},"end":{"line":74,"column":null}},{"start":{"line":58,"column":8},"end":{"line":74,"column":null}}]},"3":{"loc":{"start":{"line":61,"column":14},"end":{"line":63,"column":null}},"type":"if","locations":[{"start":{"line":61,"column":14},"end":{"line":63,"column":null}},{"start":{"line":61,"column":14},"end":{"line":63,"column":null}}]},"4":{"loc":{"start":{"line":69,"column":10},"end":{"line":72,"column":null}},"type":"if","locations":[{"start":{"line":69,"column":10},"end":{"line":72,"column":null}},{"start":{"line":69,"column":10},"end":{"line":72,"column":null}}]},"5":{"loc":{"start":{"line":79,"column":4},"end":{"line":85,"column":null}},"type":"if","locations":[{"start":{"line":79,"column":4},"end":{"line":85,"column":null}},{"start":{"line":79,"column":4},"end":{"line":85,"column":null}}]},"6":{"loc":{"start":{"line":88,"column":4},"end":{"line":91,"column":null}},"type":"if","locations":[{"start":{"line":88,"column":4},"end":{"line":91,"column":null}},{"start":{"line":88,"column":4},"end":{"line":91,"column":null}}]},"7":{"loc":{"start":{"line":88,"column":8},"end":{"line":88,"column":17}},"type":"binary-expr","locations":[{"start":{"line":88,"column":8},"end":{"line":88,"column":17}},{"start":{"line":88,"column":17},"end":{"line":88,"column":32}}]},"8":{"loc":{"start":{"line":100,"column":18},"end":{"line":100,"column":29}},"type":"cond-expr","locations":[{"start":{"line":100,"column":18},"end":{"line":100,"column":29}},{"start":{"line":100,"column":29},"end":{"line":100,"column":null}}]},"9":{"loc":{"start":{"line":100,"column":18},"end":{"line":100,"column":29}},"type":"binary-expr","locations":[{"start":{"line":100,"column":18},"end":{"line":100,"column":29}},{"start":{"line":100,"column":18},"end":{"line":100,"column":29}}]},"10":{"loc":{"start":{"line":105,"column":6},"end":{"line":117,"column":null}},"type":"if","locations":[{"start":{"line":105,"column":6},"end":{"line":117,"column":null}},{"start":{"line":105,"column":6},"end":{"line":117,"column":null}}]},"11":{"loc":{"start":{"line":109,"column":12},"end":{"line":112,"column":null}},"type":"if","locations":[{"start":{"line":109,"column":12},"end":{"line":112,"column":null}},{"start":{"line":109,"column":12},"end":{"line":112,"column":null}}]},"12":{"loc":{"start":{"line":121,"column":4},"end":{"line":124,"column":null}},"type":"if","locations":[{"start":{"line":121,"column":4},"end":{"line":124,"column":null}},{"start":{"line":121,"column":4},"end":{"line":124,"column":null}}]},"13":{"loc":{"start":{"line":133,"column":18},"end":{"line":133,"column":29}},"type":"cond-expr","locations":[{"start":{"line":133,"column":18},"end":{"line":133,"column":29}},{"start":{"line":133,"column":29},"end":{"line":133,"column":null}}]},"14":{"loc":{"start":{"line":133,"column":18},"end":{"line":133,"column":29}},"type":"binary-expr","locations":[{"start":{"line":133,"column":18},"end":{"line":133,"column":29}},{"start":{"line":133,"column":18},"end":{"line":133,"column":29}}]},"15":{"loc":{"start":{"line":137,"column":8},"end":{"line":140,"column":null}},"type":"if","locations":[{"start":{"line":137,"column":8},"end":{"line":140,"column":null}},{"start":{"line":137,"column":8},"end":{"line":140,"column":null}}]},"16":{"loc":{"start":{"line":146,"column":4},"end":{"line":148,"column":null}},"type":"if","locations":[{"start":{"line":146,"column":4},"end":{"line":148,"column":null}},{"start":{"line":146,"column":4},"end":{"line":148,"column":null}}]}},"s":{"0":6,"1":6,"2":6,"3":3,"4":3,"5":2,"6":2,"7":5,"8":5,"9":5,"10":0,"11":0,"12":0,"13":0,"14":0,"15":0,"16":0,"17":0,"18":0,"19":0,"20":0,"21":0,"22":0,"23":0,"24":0,"25":0,"26":0,"27":0,"28":0,"29":0,"30":0,"31":0,"32":0,"33":0,"34":0,"35":0,"36":0,"37":0,"38":0,"39":0,"40":0,"41":0,"42":0,"43":0,"44":0,"45":0,"46":0,"47":0},"f":{"0":3,"1":2,"2":5,"3":0,"4":0,"5":0,"6":0,"7":0,"8":0,"9":0,"10":0,"11":0},"b":{"0":[0,0],"1":[0,0],"2":[0,0],"3":[0,0],"4":[0,0],"5":[0,0],"6":[0,0],"7":[0,0],"8":[0,0],"9":[0,0],"10":[0,0],"11":[0,0],"12":[0,0],"13":[0,0],"14":[0,0],"15":[0,0],"16":[0,0]}}
,"D:\\work\\workspace-ts-study\\heart-front-end\\src\\utils\\heart\\Auth.ts": {"path":"D:\\work\\workspace-ts-study\\heart-front-end\\src\\utils\\heart\\Auth.ts","statementMap":{"0":{"start":{"line":1,"column":0},"end":{"line":1,"column":null}},"1":{"start":{"line":15,"column":4},"end":{"line":15,"column":16}},"2":{"start":{"line":22,"column":31},"end":{"line":22,"column":43}},"3":{"start":{"line":25,"column":4},"end":{"line":27,"column":null}},"4":{"start":{"line":26,"column":6},"end":{"line":26,"column":11}},"5":{"start":{"line":28,"column":4},"end":{"line":28,"column":11}},"6":{"start":{"line":36,"column":32},"end":{"line":36,"column":36}},"7":{"start":{"line":37,"column":4},"end":{"line":37,"column":16}},"8":{"start":{"line":45,"column":39},"end":{"line":45,"column":51}},"9":{"start":{"line":48,"column":4},"end":{"line":50,"column":null}},"10":{"start":{"line":49,"column":6},"end":{"line":49,"column":13}},"11":{"start":{"line":51,"column":4},"end":{"line":51,"column":11}},"12":{"start":{"line":58,"column":4},"end":{"line":58,"column":16}},"13":{"start":{"line":59,"column":4},"end":{"line":59,"column":16}},"14":{"start":{"line":67,"column":4},"end":{"line":67,"column":16}},"15":{"start":{"line":78,"column":45},"end":{"line":78,"column":57}},"16":{"start":{"line":81,"column":4},"end":{"line":83,"column":null}},"17":{"start":{"line":82,"column":6},"end":{"line":82,"column":13}},"18":{"start":{"line":84,"column":4},"end":{"line":84,"column":11}}},"fnMap":{"0":{"name":"(anonymous_0)","decl":{"start":{"line":14,"column":2},"end":{"line":14,"column":9}},"loc":{"start":{"line":14,"column":31},"end":{"line":16,"column":null}}},"1":{"name":"(anonymous_1)","decl":{"start":{"line":21,"column":2},"end":{"line":21,"column":9}},"loc":{"start":{"line":21,"column":17},"end":{"line":29,"column":null}}},"2":{"name":"(anonymous_2)","decl":{"start":{"line":35,"column":2},"end":{"line":35,"column":9}},"loc":{"start":{"line":35,"column":39},"end":{"line":38,"column":null}}},"3":{"name":"(anonymous_3)","decl":{"start":{"line":44,"column":2},"end":{"line":44,"column":9}},"loc":{"start":{"line":44,"column":20},"end":{"line":52,"column":null}}},"4":{"name":"(anonymous_4)","decl":{"start":{"line":57,"column":2},"end":{"line":57,"column":9}},"loc":{"start":{"line":57,"column":18},"end":{"line":60,"column":null}}},"5":{"name":"(anonymous_5)","decl":{"start":{"line":66,"column":2},"end":{"line":66,"column":9}},"loc":{"start":{"line":66,"column":63},"end":{"line":71,"column":null}}},"6":{"name":"(anonymous_6)","decl":{"start":{"line":77,"column":2},"end":{"line":77,"column":9}},"loc":{"start":{"line":77,"column":26},"end":{"line":85,"column":null}}}},"branchMap":{"0":{"loc":{"start":{"line":25,"column":4},"end":{"line":27,"column":null}},"type":"if","locations":[{"start":{"line":25,"column":4},"end":{"line":27,"column":null}},{"start":{"line":25,"column":4},"end":{"line":27,"column":null}}]},"1":{"loc":{"start":{"line":48,"column":4},"end":{"line":50,"column":null}},"type":"if","locations":[{"start":{"line":48,"column":4},"end":{"line":50,"column":null}},{"start":{"line":48,"column":4},"end":{"line":50,"column":null}}]},"2":{"loc":{"start":{"line":81,"column":4},"end":{"line":83,"column":null}},"type":"if","locations":[{"start":{"line":81,"column":4},"end":{"line":83,"column":null}},{"start":{"line":81,"column":4},"end":{"line":83,"column":null}}]}},"s":{"0":7,"1":4,"2":7,"3":7,"4":6,"5":7,"6":3,"7":3,"8":7,"9":7,"10":6,"11":1,"12":6,"13":6,"14":0,"15":5,"16":5,"17":0,"18":5},"f":{"0":4,"1":7,"2":3,"3":7,"4":6,"5":0,"6":5},"b":{"0":[6,1],"1":[6,1],"2":[0,5]}}
,"D:\\work\\workspace-ts-study\\heart-front-end\\src\\utils\\heart\\GlobalConfigReader.ts": {"path":"D:\\work\\workspace-ts-study\\heart-front-end\\src\\utils\\heart\\GlobalConfigReader.ts","statementMap":{"0":{"start":{"line":1,"column":0},"end":{"line":1,"column":null}},"1":{"start":{"line":2,"column":0},"end":{"line":2,"column":null}},"2":{"start":{"line":3,"column":0},"end":{"line":3,"column":null}},"3":{"start":{"line":16,"column":43},"end":{"line":16,"column":55}},"4":{"start":{"line":20,"column":4},"end":{"line":22,"column":null}},"5":{"start":{"line":21,"column":6},"end":{"line":21,"column":13}},"6":{"start":{"line":25,"column":39},"end":{"line":25,"column":43}},"7":{"start":{"line":28,"column":30},"end":{"line":28,"column":34}},"8":{"start":{"line":31,"column":4},"end":{"line":31,"column":11}}},"fnMap":{"0":{"name":"(anonymous_0)","decl":{"start":{"line":14,"column":2},"end":{"line":14,"column":9}},"loc":{"start":{"line":14,"column":25},"end":{"line":32,"column":null}}}},"branchMap":{"0":{"loc":{"start":{"line":20,"column":4},"end":{"line":22,"column":null}},"type":"if","locations":[{"start":{"line":20,"column":4},"end":{"line":22,"column":null}},{"start":{"line":20,"column":4},"end":{"line":22,"column":null}}]}},"s":{"0":6,"1":6,"2":6,"3":8,"4":8,"5":5,"6":3,"7":3,"8":3},"f":{"0":8},"b":{"0":[5,3]}}
,"D:\\work\\workspace-ts-study\\heart-front-end\\src\\utils\\heart\\RequestFactory.ts": {"path":"D:\\work\\workspace-ts-study\\heart-front-end\\src\\utils\\heart\\RequestFactory.ts","statementMap":{"0":{"start":{"line":1,"column":0},"end":{"line":1,"column":null}},"1":{"start":{"line":2,"column":0},"end":{"line":2,"column":null}},"2":{"start":{"line":3,"column":0},"end":{"line":3,"column":null}},"3":{"start":{"line":4,"column":0},"end":{"line":4,"column":null}},"4":{"start":{"line":5,"column":0},"end":{"line":5,"column":null}},"5":{"start":{"line":19,"column":4},"end":{"line":118,"column":null}},"6":{"start":{"line":22,"column":6},"end":{"line":27,"column":null}},"7":{"start":{"line":24,"column":8},"end":{"line":24,"column":15}},"8":{"start":{"line":26,"column":8},"end":{"line":26,"column":15}},"9":{"start":{"line":28,"column":6},"end":{"line":28,"column":20}},"10":{"start":{"line":38,"column":6},"end":{"line":38,"column":20}},"11":{"start":{"line":40,"column":10},"end":{"line":63,"column":null}},"12":{"start":{"line":42,"column":34},"end":{"line":42,"column":null}},"13":{"start":{"line":43,"column":12},"end":{"line":62,"column":null}},"14":{"start":{"line":45,"column":24},"end":{"line":45,"column":null}},"15":{"start":{"line":46,"column":14},"end":{"line":52,"column":null}},"16":{"start":{"line":47,"column":16},"end":{"line":47,"column":19}},"17":{"start":{"line":48,"column":16},"end":{"line":48,"column":22}},"18":{"start":{"line":50,"column":16},"end":{"line":50,"column":19}},"19":{"start":{"line":51,"column":16},"end":{"line":51,"column":22}},"20":{"start":{"line":53,"column":19},"end":{"line":62,"column":null}},"21":{"start":{"line":54,"column":24},"end":{"line":54,"column":null}},"22":{"start":{"line":55,"column":14},"end":{"line":61,"column":null}},"23":{"start":{"line":56,"column":16},"end":{"line":56,"column":19}},"24":{"start":{"line":57,"column":16},"end":{"line":57,"column":22}},"25":{"start":{"line":59,"column":16},"end":{"line":59,"column":19}},"26":{"start":{"line":60,"column":16},"end":{"line":60,"column":22}},"27":{"start":{"line":64,"column":10},"end":{"line":64,"column":17}},"28":{"start":{"line":67,"column":10},"end":{"line":67,"column":17}},"29":{"start":{"line":72,"column":6},"end":{"line":72,"column":20}},"30":{"start":{"line":78,"column":10},"end":{"line":83,"column":null}},"31":{"start":{"line":81,"column":12},"end":{"line":81,"column":18}},"32":{"start":{"line":82,"column":12},"end":{"line":82,"column":19}},"33":{"start":{"line":84,"column":10},"end":{"line":92,"column":null}},"34":{"start":{"line":88,"column":13},"end":{"line":88,"column":29}},"35":{"start":{"line":91,"column":12},"end":{"line":91,"column":19}},"36":{"start":{"line":93,"column":23},"end":{"line":93,"column":null}},"37":{"start":{"line":94,"column":10},"end":{"line":99,"column":null}},"38":{"start":{"line":95,"column":13},"end":{"line":95,"column":29}},"39":{"start":{"line":98,"column":12},"end":{"line":98,"column":19}},"40":{"start":{"line":100,"column":10},"end":{"line":100,"column":17}},"41":{"start":{"line":105,"column":23},"end":{"line":105,"column":null}},"42":{"start":{"line":106,"column":10},"end":{"line":109,"column":null}},"43":{"start":{"line":107,"column":13},"end":{"line":107,"column":29}},"44":{"start":{"line":108,"column":12},"end":{"line":108,"column":19}},"45":{"start":{"line":110,"column":11},"end":{"line":110,"column":27}},"46":{"start":{"line":115,"column":10},"end":{"line":115,"column":17}},"47":{"start":{"line":119,"column":4},"end":{"line":119,"column":11}},"48":{"start":{"line":127,"column":39},"end":{"line":127,"column":58}},"49":{"start":{"line":129,"column":4},"end":{"line":131,"column":null}},"50":{"start":{"line":130,"column":6},"end":{"line":130,"column":13}},"51":{"start":{"line":133,"column":4},"end":{"line":133,"column":11}},"52":{"start":{"line":140,"column":4},"end":{"line":140,"column":18}}},"fnMap":{"0":{"name":"(anonymous_0)","decl":{"start":{"line":18,"column":2},"end":{"line":18,"column":9}},"loc":{"start":{"line":18,"column":27},"end":{"line":120,"column":null}}},"1":{"name":"(anonymous_1)","decl":{"start":{"line":39,"column":9},"end":{"line":39,"column":39}},"loc":{"start":{"line":39,"column":39},"end":{"line":65,"column":null}}},"2":{"name":"(anonymous_2)","decl":{"start":{"line":66,"column":8},"end":{"line":66,"column":13}},"loc":{"start":{"line":66,"column":16},"end":{"line":68,"column":null}}},"3":{"name":"(anonymous_3)","decl":{"start":{"line":73,"column":9},"end":{"line":73,"column":41}},"loc":{"start":{"line":73,"column":41},"end":{"line":101,"column":null}}},"4":{"name":"(anonymous_4)","decl":{"start":{"line":102,"column":8},"end":{"line":102,"column":13}},"loc":{"start":{"line":102,"column":16},"end":{"line":116,"column":null}}},"5":{"name":"(anonymous_5)","decl":{"start":{"line":126,"column":2},"end":{"line":126,"column":9}},"loc":{"start":{"line":126,"column":21},"end":{"line":134,"column":null}}},"6":{"name":"(anonymous_6)","decl":{"start":{"line":139,"column":2},"end":{"line":139,"column":9}},"loc":{"start":{"line":139,"column":21},"end":{"line":141,"column":null}}}},"branchMap":{"0":{"loc":{"start":{"line":19,"column":4},"end":{"line":118,"column":null}},"type":"if","locations":[{"start":{"line":19,"column":4},"end":{"line":118,"column":null}},{"start":{"line":19,"column":4},"end":{"line":118,"column":null}}]},"1":{"loc":{"start":{"line":22,"column":6},"end":{"line":27,"column":null}},"type":"if","locations":[{"start":{"line":22,"column":6},"end":{"line":27,"column":null}},{"start":{"line":22,"column":6},"end":{"line":27,"column":null}}]},"2":{"loc":{"start":{"line":40,"column":10},"end":{"line":63,"column":null}},"type":"if","locations":[{"start":{"line":40,"column":10},"end":{"line":63,"column":null}},{"start":{"line":40,"column":10},"end":{"line":63,"column":null}}]},"3":{"loc":{"start":{"line":40,"column":14},"end":{"line":40,"column":20}},"type":"binary-expr","locations":[{"start":{"line":40,"column":14},"end":{"line":40,"column":20}},{"start":{"line":40,"column":24},"end":{"line":40,"column":36}}]},"4":{"loc":{"start":{"line":43,"column":12},"end":{"line":62,"column":null}},"type":"if","locations":[{"start":{"line":43,"column":12},"end":{"line":62,"column":null}},{"start":{"line":43,"column":12},"end":{"line":62,"column":null}}]},"5":{"loc":{"start":{"line":46,"column":14},"end":{"line":52,"column":null}},"type":"if","locations":[{"start":{"line":46,"column":14},"end":{"line":52,"column":null}},{"start":{"line":46,"column":14},"end":{"line":52,"column":null}}]},"6":{"loc":{"start":{"line":53,"column":19},"end":{"line":62,"column":null}},"type":"if","locations":[{"start":{"line":53,"column":19},"end":{"line":62,"column":null}},{"start":{"line":53,"column":19},"end":{"line":62,"column":null}}]},"7":{"loc":{"start":{"line":55,"column":14},"end":{"line":61,"column":null}},"type":"if","locations":[{"start":{"line":55,"column":14},"end":{"line":61,"column":null}},{"start":{"line":55,"column":14},"end":{"line":61,"column":null}}]},"8":{"loc":{"start":{"line":78,"column":10},"end":{"line":83,"column":null}},"type":"if","locations":[{"start":{"line":78,"column":10},"end":{"line":83,"column":null}},{"start":{"line":78,"column":10},"end":{"line":83,"column":null}}]},"9":{"loc":{"start":{"line":84,"column":10},"end":{"line":92,"column":null}},"type":"if","locations":[{"start":{"line":84,"column":10},"end":{"line":92,"column":null}},{"start":{"line":84,"column":10},"end":{"line":92,"column":null}}]},"10":{"loc":{"start":{"line":85,"column":12},"end":{"line":85,"column":null}},"type":"binary-expr","locations":[{"start":{"line":85,"column":12},"end":{"line":85,"column":null}},{"start":{"line":86,"column":12},"end":{"line":86,"column":null}}]},"11":{"loc":{"start":{"line":89,"column":38},"end":{"line":89,"column":62}},"type":"cond-expr","locations":[{"start":{"line":89,"column":38},"end":{"line":89,"column":62}},{"start":{"line":89,"column":62},"end":{"line":89,"column":null}}]},"12":{"loc":{"start":{"line":94,"column":10},"end":{"line":99,"column":null}},"type":"if","locations":[{"start":{"line":94,"column":10},"end":{"line":99,"column":null}},{"start":{"line":94,"column":10},"end":{"line":99,"column":null}}]},"13":{"loc":{"start":{"line":94,"column":14},"end":{"line":94,"column":47}},"type":"binary-expr","locations":[{"start":{"line":94,"column":14},"end":{"line":94,"column":47}},{"start":{"line":94,"column":47},"end":{"line":94,"column":76}}]},"14":{"loc":{"start":{"line":96,"column":34},"end":{"line":96,"column":54}},"type":"cond-expr","locations":[{"start":{"line":96,"column":34},"end":{"line":96,"column":54}},{"start":{"line":96,"column":54},"end":{"line":96,"column":null}}]},"15":{"loc":{"start":{"line":106,"column":10},"end":{"line":109,"column":null}},"type":"if","locations":[{"start":{"line":106,"column":10},"end":{"line":109,"column":null}},{"start":{"line":106,"column":10},"end":{"line":109,"column":null}}]},"16":{"loc":{"start":{"line":112,"column":16},"end":{"line":112,"column":null}},"type":"cond-expr","locations":[{"start":{"line":112,"column":16},"end":{"line":112,"column":null}},{"start":{"line":113,"column":16},"end":{"line":113,"column":null}}]},"17":{"loc":{"start":{"line":111,"column":12},"end":{"line":111,"column":25}},"type":"binary-expr","locations":[{"start":{"line":111,"column":12},"end":{"line":111,"column":25}},{"start":{"line":111,"column":25},"end":{"line":111,"column":null}}]},"18":{"loc":{"start":{"line":129,"column":4},"end":{"line":131,"column":null}},"type":"if","locations":[{"start":{"line":129,"column":4},"end":{"line":131,"column":null}},{"start":{"line":129,"column":4},"end":{"line":131,"column":null}}]}},"s":{"0":5,"1":5,"2":5,"3":5,"4":5,"5":13,"6":7,"7":4,"8":3,"9":7,"10":7,"11":8,"12":8,"13":8,"14":0,"15":0,"16":0,"17":0,"18":0,"19":0,"20":8,"21":2,"22":2,"23":2,"24":2,"25":0,"26":0,"27":8,"28":0,"29":7,"30":8,"31":0,"32":0,"33":8,"34":0,"35":0,"36":8,"37":8,"38":0,"39":0,"40":8,"41":0,"42":0,"43":0,"44":0,"45":0,"46":0,"47":13,"48":5,"49":5,"50":4,"51":1,"52":5},"f":{"0":13,"1":8,"2":0,"3":8,"4":0,"5":5,"6":5},"b":{"0":[7,6],"1":[4,3],"2":[8,0],"3":[8,8],"4":[0,8],"5":[0,0],"6":[2,6],"7":[2,0],"8":[0,8],"9":[0,8],"10":[8,0],"11":[0,0],"12":[0,8],"13":[8,5],"14":[0,0],"15":[0,0],"16":[0,0],"17":[0,0],"18":[4,1]}}
}
