{"D:\\work\\workspace-ts-study\\heart-front-end\\src\\constants\\LocalStorageKeys.ts": {"path":"D:\\work\\workspace-ts-study\\heart-front-end\\src\\constants\\LocalStorageKeys.ts","statementMap":{"0":{"start":{"line":5,"column":0},"end":{"line":5,"column":12}},"1":{"start":{"line":6,"column":4},"end":{"line":6,"column":null}}},"fnMap":{"0":{"name":"(anonymous_0)","decl":{"start":{"line":5,"column":0},"end":{"line":5,"column":12}},"loc":{"start":{"line":5,"column":28},"end":{"line":7,"column":null}}}},"branchMap":{"0":{"loc":{"start":{"line":5,"column":12},"end":{"line":5,"column":28}},"type":"binary-expr","locations":[{"start":{"line":5,"column":12},"end":{"line":5,"column":28}},{"start":{"line":5,"column":28},"end":{"line":5,"column":null}}]}},"s":{"0":1,"1":1},"f":{"0":1},"b":{"0":[1,1]}}
,"D:\\work\\workspace-ts-study\\heart-front-end\\src\\utils\\GlobalConfigReader.ts": {"path":"D:\\work\\workspace-ts-study\\heart-front-end\\src\\utils\\GlobalConfigReader.ts","statementMap":{"0":{"start":{"line":1,"column":0},"end":{"line":1,"column":null}},"1":{"start":{"line":2,"column":0},"end":{"line":2,"column":null}},"2":{"start":{"line":12,"column":8},"end":{"line":12,"column":13}},"3":{"start":{"line":13,"column":8},"end":{"line":13,"column":13}},"4":{"start":{"line":27,"column":45},"end":{"line":27,"column":57}},"5":{"start":{"line":30,"column":8},"end":{"line":32,"column":null}},"6":{"start":{"line":31,"column":12},"end":{"line":31,"column":19}},"7":{"start":{"line":35,"column":41},"end":{"line":35,"column":45}},"8":{"start":{"line":38,"column":32},"end":{"line":38,"column":36}},"9":{"start":{"line":41,"column":8},"end":{"line":41,"column":15}}},"fnMap":{"0":{"name":"(anonymous_0)","decl":{"start":{"line":11,"column":4},"end":{"line":11,"column":16}},"loc":{"start":{"line":11,"column":68},"end":{"line":14,"column":null}}},"1":{"name":"(anonymous_1)","decl":{"start":{"line":25,"column":4},"end":{"line":25,"column":11}},"loc":{"start":{"line":25,"column":27},"end":{"line":42,"column":null}}}},"branchMap":{"0":{"loc":{"start":{"line":11,"column":40},"end":{"line":11,"column":46}},"type":"default-arg","locations":[{"start":{"line":11,"column":40},"end":{"line":11,"column":46}}]},"1":{"loc":{"start":{"line":11,"column":66},"end":{"line":11,"column":68}},"type":"default-arg","locations":[{"start":{"line":11,"column":66},"end":{"line":11,"column":68}}]},"2":{"loc":{"start":{"line":30,"column":8},"end":{"line":32,"column":null}},"type":"if","locations":[{"start":{"line":30,"column":8},"end":{"line":32,"column":null}},{"start":{"line":30,"column":8},"end":{"line":32,"column":null}}]}},"s":{"0":1,"1":1,"2":6,"3":6,"4":3,"5":3,"6":1,"7":2,"8":2,"9":2},"f":{"0":6,"1":3},"b":{"0":[4],"1":[4],"2":[1,2]}}
}
