TN:
SF:D:\work\workspace-ts-study\heart-front-end\src\heart\api\menu\impl\MenuAPI4Jeesite.ts
FN:18,(anonymous_0)
FN:36,(anonymous_1)
FN:50,(anonymous_2)
FN:51,(anonymous_3)
FN:17,(anonymous_4)
FNF:5
FNH:4
FNDA:1,(anonymous_0)
FNDA:1,(anonymous_1)
FNDA:1,(anonymous_2)
FNDA:7,(anonymous_3)
FNDA:0,(anonymous_4)
DA:3,1
DA:4,1
DA:5,1
DA:17,0
DA:18,1
DA:19,1
DA:20,1
DA:21,1
DA:22,1
DA:23,1
DA:25,0
DA:26,0
DA:37,1
DA:38,1
DA:40,0
DA:51,1
DA:52,7
DA:54,7
DA:56,7
DA:65,7
DA:66,0
DA:67,0
DA:68,0
DA:69,0
DA:74,7
LF:25
LH:17
BRDA:37,0,0,1
BRDA:37,0,1,0
BRDA:52,1,0,0
BRDA:52,1,1,7
BRDA:52,2,0,7
BRDA:52,2,1,7
BRDA:60,3,0,7
BRDA:60,3,1,0
BRDA:60,4,0,7
BRDA:60,4,1,7
BRDA:65,5,0,0
BRDA:65,5,1,7
BRDA:68,6,0,0
BRDA:68,6,1,0
BRF:14
BRH:8
end_of_record
TN:
SF:D:\work\workspace-ts-study\heart-front-end\src\heart\api\user\impl\UserAPI4Jeesite.ts
FN:21,(anonymous_0)
FN:36,(anonymous_1)
FN:20,(anonymous_2)
FN:35,(anonymous_3)
FNF:4
FNH:2
FNDA:1,(anonymous_0)
FNDA:1,(anonymous_1)
FNDA:0,(anonymous_2)
FNDA:0,(anonymous_3)
DA:3,1
DA:5,1
DA:6,1
DA:20,0
DA:21,1
DA:22,1
DA:23,1
DA:24,1
DA:25,1
DA:27,0
DA:35,0
DA:36,1
DA:37,1
DA:38,1
DA:39,1
DA:41,0
LF:16
LH:12
BRDA:22,0,0,1
BRDA:22,0,1,0
BRDA:37,1,0,1
BRDA:37,1,1,0
BRF:4
BRH:2
end_of_record
TN:
SF:D:\work\workspace-ts-study\heart-front-end\src\heart\constants\enum\LocalStorageKeys.ts
FN:5,(anonymous_0)
FNF:1
FNH:1
FNDA:7,(anonymous_0)
DA:5,7
DA:6,7
DA:7,7
DA:8,7
LF:4
LH:4
BRDA:5,0,0,7
BRDA:5,0,1,7
BRF:2
BRH:2
end_of_record
TN:
SF:D:\work\workspace-ts-study\heart-front-end\src\heart\constants\enum\RequestMethod.ts
FN:5,(anonymous_0)
FNF:1
FNH:1
FNDA:3,(anonymous_0)
DA:5,3
DA:6,3
DA:7,3
DA:8,3
DA:9,3
LF:5
LH:5
BRDA:5,0,0,3
BRDA:5,0,1,3
BRF:2
BRH:2
end_of_record
TN:
SF:D:\work\workspace-ts-study\heart-front-end\src\heart\decorator\request\Request.ts
FN:52,Request
FN:57,(anonymous_1)
FN:62,(anonymous_2)
FNF:3
FNH:3
FNDA:5,Request
FNDA:5,(anonymous_1)
FNDA:5,(anonymous_2)
DA:1,3
DA:2,3
DA:57,5
DA:58,5
DA:59,5
DA:62,5
DA:63,5
DA:64,5
DA:69,5
DA:71,2
DA:73,3
DA:75,0
DA:76,0
DA:78,0
DA:80,0
DA:82,0
LF:16
LH:11
BRDA:66,0,0,5
BRDA:66,0,1,0
BRDA:67,1,0,2
BRDA:67,1,1,3
BRDA:69,2,0,2
BRDA:69,2,1,3
BRDA:75,3,0,0
BRDA:75,3,1,0
BRDA:76,4,0,0
BRDA:76,4,1,0
BRF:10
BRH:5
end_of_record
TN:
SF:D:\work\workspace-ts-study\heart-front-end\src\heart\model\common\GlobalConfig.ts
FN:8,(anonymous_0)
FNF:1
FNH:1
FNDA:11,(anonymous_0)
DA:9,11
DA:10,11
LF:2
LH:2
BRDA:8,0,0,9
BRDA:8,1,0,9
BRF:2
BRH:2
end_of_record
TN:
SF:D:\work\workspace-ts-study\heart-front-end\src\heart\router\index.ts
FNF:0
FNH:0
DA:1,4
DA:2,4
DA:4,4
DA:6,4
DA:18,4
DA:22,4
LF:6
LH:6
BRF:0
BRH:0
end_of_record
TN:
SF:D:\work\workspace-ts-study\heart-front-end\src\heart\store\index.ts
FNF:0
FNH:0
DA:1,4
DA:2,4
DA:4,4
DA:5,4
DA:7,4
DA:9,4
DA:17,4
LF:7
LH:7
BRF:0
BRH:0
end_of_record
TN:
SF:D:\work\workspace-ts-study\heart-front-end\src\heart\store\modules\menu\getters.ts
FN:12,(anonymous_0)
FN:20,(anonymous_1)
FNF:2
FNH:2
FNDA:1,(anonymous_0)
FNDA:1,(anonymous_1)
DA:7,1
DA:13,1
DA:21,1
LF:3
LH:3
BRF:0
BRH:0
end_of_record
TN:
SF:D:\work\workspace-ts-study\heart-front-end\src\heart\store\modules\menu\index.ts
FNF:0
FNH:0
DA:4,4
DA:6,4
DA:8,4
DA:13,4
LF:4
LH:4
BRF:0
BRH:0
end_of_record
TN:
SF:D:\work\workspace-ts-study\heart-front-end\src\heart\store\modules\menu\mutations.ts
FN:12,(anonymous_0)
FN:21,(anonymous_1)
FNF:2
FNH:2
FNDA:2,(anonymous_0)
FNDA:1,(anonymous_1)
DA:6,5
DA:13,2
DA:22,1
LF:3
LH:3
BRF:0
BRH:0
end_of_record
TN:
SF:D:\work\workspace-ts-study\heart-front-end\src\heart\store\modules\user\getters.ts
FN:12,(anonymous_0)
FN:21,(anonymous_1)
FNF:2
FNH:2
FNDA:3,(anonymous_0)
FNDA:3,(anonymous_1)
DA:6,5
DA:13,3
DA:22,3
LF:3
LH:3
BRF:0
BRH:0
end_of_record
TN:
SF:D:\work\workspace-ts-study\heart-front-end\src\heart\store\modules\user\index.ts
FNF:0
FNH:0
DA:4,4
DA:5,4
DA:6,4
DA:8,4
DA:10,4
DA:15,4
LF:6
LH:6
BRF:0
BRH:0
end_of_record
TN:
SF:D:\work\workspace-ts-study\heart-front-end\src\heart\store\modules\user\mutations.ts
FN:12,(anonymous_0)
FN:21,(anonymous_1)
FN:29,(anonymous_2)
FNF:3
FNH:3
FNDA:2,(anonymous_0)
FNDA:2,(anonymous_1)
FNDA:2,(anonymous_2)
DA:4,5
DA:6,5
DA:13,2
DA:14,2
DA:22,2
DA:23,2
DA:30,2
DA:31,2
DA:32,2
LF:9
LH:9
BRF:0
BRH:0
end_of_record
TN:
SF:D:\work\workspace-ts-study\heart-front-end\src\heart\utils\Auth.ts
FN:13,(anonymous_0)
FN:20,(anonymous_1)
FN:32,(anonymous_2)
FN:41,(anonymous_3)
FN:52,(anonymous_4)
FNF:5
FNH:5
FNDA:3,(anonymous_0)
FNDA:6,(anonymous_1)
FNDA:3,(anonymous_2)
FNDA:6,(anonymous_3)
FNDA:3,(anonymous_4)
DA:1,6
DA:14,3
DA:21,6
DA:22,6
DA:23,5
DA:25,6
DA:33,3
DA:34,3
DA:42,6
DA:43,6
DA:44,5
DA:46,1
DA:53,3
DA:54,3
LF:14
LH:14
BRDA:22,0,0,5
BRDA:22,0,1,1
BRDA:43,1,0,5
BRDA:43,1,1,1
BRF:4
BRH:4
end_of_record
TN:
SF:D:\work\workspace-ts-study\heart-front-end\src\heart\utils\GlobalConfigReader.ts
FN:14,(anonymous_0)
FNF:1
FNH:1
FNDA:8,(anonymous_0)
DA:1,5
DA:2,5
DA:3,5
DA:16,8
DA:20,8
DA:21,5
DA:25,3
DA:28,3
DA:31,3
LF:9
LH:9
BRDA:20,0,0,5
BRDA:20,0,1,3
BRF:2
BRH:2
end_of_record
TN:
SF:D:\work\workspace-ts-study\heart-front-end\src\heart\utils\RequestFactory.ts
FN:18,(anonymous_0)
FN:39,(anonymous_1)
FN:66,(anonymous_2)
FN:73,(anonymous_3)
FN:103,(anonymous_4)
FN:127,(anonymous_5)
FN:140,(anonymous_6)
FNF:7
FNH:5
FNDA:9,(anonymous_0)
FNDA:6,(anonymous_1)
FNDA:0,(anonymous_2)
FNDA:6,(anonymous_3)
FNDA:0,(anonymous_4)
FNDA:5,(anonymous_5)
FNDA:5,(anonymous_6)
DA:1,4
DA:2,4
DA:3,4
DA:5,4
DA:19,9
DA:22,6
DA:24,3
DA:26,3
DA:28,6
DA:38,6
DA:40,6
DA:42,6
DA:43,6
DA:45,0
DA:46,0
DA:47,0
DA:48,0
DA:50,0
DA:51,0
DA:53,6
DA:54,2
DA:55,2
DA:56,2
DA:57,2
DA:59,0
DA:60,0
DA:64,6
DA:67,0
DA:72,6
DA:78,6
DA:81,0
DA:82,0
DA:84,6
DA:92,0
DA:94,6
DA:95,6
DA:99,0
DA:101,6
DA:106,0
DA:107,0
DA:109,0
DA:116,0
DA:120,9
DA:128,5
DA:130,5
DA:131,4
DA:134,1
DA:141,5
LF:48
LH:31
BRDA:19,0,0,6
BRDA:19,0,1,3
BRDA:22,1,0,3
BRDA:22,1,1,3
BRDA:40,2,0,6
BRDA:40,2,1,0
BRDA:40,3,0,6
BRDA:40,3,1,6
BRDA:43,4,0,0
BRDA:43,4,1,6
BRDA:46,5,0,0
BRDA:46,5,1,0
BRDA:53,6,0,2
BRDA:53,6,1,4
BRDA:55,7,0,2
BRDA:55,7,1,0
BRDA:78,8,0,0
BRDA:78,8,1,6
BRDA:84,9,0,0
BRDA:84,9,1,6
BRDA:85,10,0,6
BRDA:85,10,1,0
BRDA:95,11,0,0
BRDA:95,11,1,6
BRDA:95,12,0,6
BRDA:95,12,1,5
BRDA:107,13,0,0
BRDA:107,13,1,0
BRDA:130,14,0,4
BRDA:130,14,1,1
BRF:30
BRH:19
end_of_record
