TN:
SF:D:\work\workspace-ts-study\heart-front-end\src\constants\LocalStorageKeys.ts
FN:5,(anonymous_0)
FNF:1
FNH:1
FNDA:4,(anonymous_0)
DA:5,4
DA:6,4
DA:7,4
DA:8,4
LF:4
LH:4
BRDA:5,0,0,4
BRDA:5,0,1,4
BRF:2
BRH:2
end_of_record
TN:
SF:D:\work\workspace-ts-study\heart-front-end\src\model\common\GlobalConfig.ts
FN:8,(anonymous_0)
FNF:1
FNH:1
FNDA:11,(anonymous_0)
DA:9,11
DA:10,11
LF:2
LH:2
BRDA:8,0,0,9
BRDA:8,1,0,9
BRF:2
BRH:2
end_of_record
TN:
SF:D:\work\workspace-ts-study\heart-front-end\src\router\index.ts
FNF:0
FNH:0
DA:1,1
DA:2,1
DA:4,1
DA:6,1
DA:18,1
DA:22,1
LF:6
LH:6
BRF:0
BRH:0
end_of_record
TN:
SF:D:\work\workspace-ts-study\heart-front-end\src\store\index.ts
FNF:0
FNH:0
DA:1,1
DA:2,1
DA:4,1
DA:5,1
DA:7,1
DA:9,1
DA:17,1
LF:7
LH:7
BRF:0
BRH:0
end_of_record
TN:
SF:D:\work\workspace-ts-study\heart-front-end\src\store\modules\menu\actions.ts
FN:10,(anonymous_0)
FN:18,(anonymous_1)
FNF:2
FNH:0
FNDA:0,(anonymous_0)
FNDA:0,(anonymous_1)
DA:5,1
LF:1
LH:1
BRF:0
BRH:0
end_of_record
TN:
SF:D:\work\workspace-ts-study\heart-front-end\src\store\modules\menu\index.ts
FNF:0
FNH:0
DA:4,1
DA:5,1
DA:7,1
DA:9,1
DA:14,1
LF:5
LH:5
BRF:0
BRH:0
end_of_record
TN:
SF:D:\work\workspace-ts-study\heart-front-end\src\store\modules\menu\mutations.ts
FN:12,(anonymous_0)
FN:21,(anonymous_1)
FNF:2
FNH:0
FNDA:0,(anonymous_0)
FNDA:0,(anonymous_1)
DA:6,1
DA:13,0
DA:22,0
LF:3
LH:1
BRF:0
BRH:0
end_of_record
TN:
SF:D:\work\workspace-ts-study\heart-front-end\src\store\modules\user\actions.ts
FN:12,(anonymous_0)
FN:23,(anonymous_1)
FNF:2
FNH:0
FNDA:0,(anonymous_0)
FNDA:0,(anonymous_1)
DA:6,1
LF:1
LH:1
BRF:0
BRH:0
end_of_record
TN:
SF:D:\work\workspace-ts-study\heart-front-end\src\store\modules\user\getters.ts
FN:12,(anonymous_0)
FN:21,(anonymous_1)
FNF:2
FNH:2
FNDA:1,(anonymous_0)
FNDA:1,(anonymous_1)
DA:6,2
DA:13,1
DA:22,1
LF:3
LH:3
BRF:0
BRH:0
end_of_record
TN:
SF:D:\work\workspace-ts-study\heart-front-end\src\store\modules\user\index.ts
FNF:0
FNH:0
DA:4,1
DA:5,1
DA:6,1
DA:7,1
DA:9,1
DA:11,1
DA:16,1
LF:7
LH:7
BRF:0
BRH:0
end_of_record
TN:
SF:D:\work\workspace-ts-study\heart-front-end\src\store\modules\user\mutations.ts
FN:12,(anonymous_0)
FN:21,(anonymous_1)
FN:29,(anonymous_2)
FNF:3
FNH:3
FNDA:1,(anonymous_0)
FNDA:1,(anonymous_1)
FNDA:1,(anonymous_2)
DA:4,2
DA:6,2
DA:13,1
DA:14,1
DA:22,1
DA:23,1
DA:30,1
DA:31,1
DA:32,1
LF:9
LH:9
BRF:0
BRH:0
end_of_record
TN:
SF:D:\work\workspace-ts-study\heart-front-end\src\utils\Auth.ts
FN:13,(anonymous_0)
FN:20,(anonymous_1)
FN:32,(anonymous_2)
FN:41,(anonymous_3)
FN:52,(anonymous_4)
FNF:5
FNH:5
FNDA:2,(anonymous_0)
FNDA:3,(anonymous_1)
FNDA:2,(anonymous_2)
FNDA:3,(anonymous_3)
FNDA:2,(anonymous_4)
DA:1,3
DA:14,2
DA:21,3
DA:22,3
DA:23,2
DA:25,3
DA:33,2
DA:34,2
DA:42,3
DA:43,3
DA:44,2
DA:46,1
DA:53,2
DA:54,2
LF:14
LH:14
BRDA:22,0,0,2
BRDA:22,0,1,1
BRDA:43,1,0,2
BRDA:43,1,1,1
BRF:4
BRH:4
end_of_record
TN:
SF:D:\work\workspace-ts-study\heart-front-end\src\utils\GlobalConfigReader.ts
FN:14,(anonymous_0)
FNF:1
FNH:1
FNDA:8,(anonymous_0)
DA:1,2
DA:2,2
DA:3,2
DA:16,8
DA:21,8
DA:22,5
DA:26,3
DA:29,3
DA:32,3
LF:9
LH:9
BRDA:21,0,0,5
BRDA:21,0,1,3
BRF:2
BRH:2
end_of_record
TN:
SF:D:\work\workspace-ts-study\heart-front-end\src\utils\RequestFactory.ts
FN:18,(anonymous_0)
FN:31,(anonymous_1)
FN:58,(anonymous_2)
FN:65,(anonymous_3)
FN:95,(anonymous_4)
FN:119,(anonymous_5)
FN:132,(anonymous_6)
FNF:7
FNH:5
FNDA:4,(anonymous_0)
FNDA:1,(anonymous_1)
FNDA:0,(anonymous_2)
FNDA:1,(anonymous_3)
FNDA:0,(anonymous_4)
FNDA:5,(anonymous_5)
FNDA:5,(anonymous_6)
DA:1,1
DA:2,1
DA:3,1
DA:4,1
DA:5,1
DA:19,4
DA:20,3
DA:30,3
DA:32,1
DA:34,1
DA:35,1
DA:37,0
DA:38,0
DA:39,0
DA:40,0
DA:42,0
DA:43,0
DA:45,1
DA:46,0
DA:47,0
DA:48,0
DA:49,0
DA:51,0
DA:52,0
DA:56,1
DA:59,0
DA:64,3
DA:70,1
DA:73,0
DA:74,0
DA:77,1
DA:81,0
DA:84,0
DA:86,1
DA:87,1
DA:88,0
DA:91,0
DA:93,1
DA:98,0
DA:99,0
DA:100,0
DA:101,0
DA:103,0
DA:108,0
DA:112,4
DA:120,5
DA:122,5
DA:123,4
DA:126,1
DA:133,5
LF:50
LH:25
BRDA:19,0,0,3
BRDA:19,0,1,1
BRDA:32,1,0,1
BRDA:32,1,1,0
BRDA:32,2,0,1
BRDA:32,2,1,1
BRDA:35,3,0,0
BRDA:35,3,1,1
BRDA:38,4,0,0
BRDA:38,4,1,0
BRDA:45,5,0,0
BRDA:45,5,1,1
BRDA:47,6,0,0
BRDA:47,6,1,0
BRDA:70,7,0,0
BRDA:70,7,1,1
BRDA:77,8,0,0
BRDA:77,8,1,1
BRDA:78,9,0,1
BRDA:78,9,1,0
BRDA:82,10,0,0
BRDA:82,10,1,0
BRDA:87,11,0,0
BRDA:87,11,1,1
BRDA:87,12,0,1
BRDA:87,12,1,1
BRDA:89,13,0,0
BRDA:89,13,1,0
BRDA:99,14,0,0
BRDA:99,14,1,0
BRDA:105,15,0,0
BRDA:105,15,1,0
BRDA:104,16,0,0
BRDA:104,16,1,0
BRDA:122,17,0,4
BRDA:122,17,1,1
BRF:36
BRH:15
end_of_record
